[04:26:19] [ServerMain/INFO]: [bootstrap] Running Java 21 (OpenJDK 64-Bit Server VM 21.0.6+7-Ubuntu-120.04.1; Ubuntu null) on Linux 6.5.0-1025-azure (amd64)
[04:26:19] [ServerMain/INFO]: [bootstrap] Loading Paper 1.21.1-57-master@b483da4 (2024-09-01T18:09:05Z) for Minecraft 1.21.1
[04:26:19] [ServerMain/INFO]: [PluginInitializerManager] Initializing plugins...
[04:26:20] [Paper Plugin Remapper Thread - 2/INFO]: [PluginRemapper] Remapping plugin 'plugins/playit-minecraft-plugin.jar'...
[04:26:21] [Paper Plugin Remapper Thread - 2/INFO]: [PluginRemapper] Done remapping plugin 'plugins/playit-minecraft-plugin.jar' in 1658ms.
[04:26:21] [ServerMain/INFO]: [PluginInitializerManager] Initialized 1 plugin
[04:26:21] [ServerMain/INFO]: [PluginInitializerManager] Bukkit plugins (1):
 - playit-gg (0.1.4)
[04:26:26] [ServerMain/INFO]: Environment: Environment[sessionHost=https://sessionserver.mojang.com, servicesHost=https://api.minecraftservices.com, name=PROD]
[04:26:27] [ServerMain/INFO]: Loaded 1290 recipes
[04:26:28] [ServerMain/INFO]: Loaded 1399 advancements
[04:26:28] [Server thread/INFO]: Starting minecraft server version 1.21.1
[04:26:28] [Server thread/INFO]: Loading properties
[04:26:28] [Server thread/INFO]: This server is running Paper version 1.21.1-57-master@b483da4 (2024-09-01T18:09:05Z) (Implementing API version 1.21.1-R0.1-SNAPSHOT)
[04:26:29] [Server thread/INFO]: [spark] This server bundles the spark profiler. For more information please visit https://docs.papermc.io/paper/profiling
[04:26:29] [Server thread/INFO]: Server Ping Player Sample Count: 12
[04:26:29] [Server thread/INFO]: Using 4 threads for Netty based IO
[04:26:29] [Server thread/INFO]: [ChunkTaskScheduler] Chunk system is using 1 I/O threads, 1 worker threads, and population gen parallelism of 1 threads
[04:26:30] [Server thread/INFO]: Default game type: SURVIVAL
[04:26:30] [Server thread/INFO]: Generating keypair
[04:26:30] [Server thread/INFO]: Starting Minecraft server on *:25565
[04:26:30] [Server thread/INFO]: Using epoll channel type
[04:26:30] [Server thread/INFO]: Paper: Using libdeflate (Linux x86_64) compression from Velocity.
[04:26:30] [Server thread/INFO]: Paper: Using OpenSSL 1.1.x (Linux x86_64) cipher from Velocity.
[04:26:30] [Server thread/INFO]: [playit-gg] Loading server plugin playit-gg v0.1.4
[04:26:30] [Server thread/INFO]: Server permissions file permissions.yml is empty, ignoring it
[04:26:30] [Server thread/WARN]: **** SERVER IS RUNNING IN OFFLINE/INSECURE MODE!
[04:26:30] [Server thread/WARN]: The server will make no attempt to authenticate usernames. Beware.
[04:26:30] [Server thread/WARN]: While this makes the game possible to play without internet access, it also opens up the ability for hackers to connect with any username they choose.
[04:26:30] [Server thread/WARN]: To change this, set "online-mode" to "true" in the server.properties file.
[04:26:30] [Server thread/INFO]: Preparing level "world"
[04:26:31] [Server thread/INFO]: Preparing start region for dimension minecraft:overworld
[04:26:32] [Server thread/INFO]: Time elapsed: 1177 ms
[04:26:32] [Server thread/INFO]: Preparing start region for dimension minecraft:the_nether
[04:26:32] [Server thread/INFO]: Time elapsed: 199 ms
[04:26:32] [Server thread/INFO]: Preparing start region for dimension minecraft:the_end
[04:26:32] [Server thread/INFO]: Time elapsed: 164 ms
[04:26:32] [Server thread/INFO]: [playit-gg] Enabling playit-gg v0.1.4
[04:26:35] [Server thread/INFO]: [spark] Starting background profiler...
[04:26:35] [Server thread/INFO]: Done preparing level "world" (4.880s)
[04:26:35] [Server thread/INFO]: Running delayed init tasks
[04:26:35] [Server thread/INFO]: Done (16.408s)! For help, type "help"
[04:26:35] [Server thread/INFO]: Timings Reset
[04:26:38] [Thread-6/INFO]: [gg.playit.minecraft.PlayitKeysSetup] secret key not set, generate claim code: 8891aa14c573562c
[04:26:38] [Thread-6/INFO]: [gg.playit.minecraft.PlayitKeysSetup] trying to exchange claim code for secret
[04:26:38] [Thread-6/INFO]: [gg.playit.minecraft.PlayitKeysSetup] failed to exchange, to claim visit: https://playit.gg/mc/8891aa14c573562c
[04:26:41] [Thread-6/INFO]: [gg.playit.minecraft.PlayitKeysSetup] trying to exchange claim code for secret
[04:26:41] [Thread-6/INFO]: [gg.playit.minecraft.PlayitKeysSetup] failed to exchange, to claim visit: https://playit.gg/mc/8891aa14c573562c
[04:26:44] [Thread-6/INFO]: [gg.playit.minecraft.PlayitKeysSetup] trying to exchange claim code for secret
[04:26:44] [Thread-6/INFO]: [gg.playit.minecraft.PlayitKeysSetup] failed to exchange, to claim visit: https://playit.gg/mc/8891aa14c573562c
[04:26:47] [Thread-6/INFO]: [gg.playit.minecraft.PlayitKeysSetup] trying to exchange claim code for secret
[04:26:47] [Thread-6/INFO]: [gg.playit.minecraft.PlayitKeysSetup] failed to exchange, to claim visit: https://playit.gg/mc/8891aa14c573562c
[04:26:50] [Thread-6/INFO]: [gg.playit.minecraft.PlayitKeysSetup] trying to exchange claim code for secret
[04:26:50] [Thread-6/INFO]: [gg.playit.minecraft.PlayitKeysSetup] failed to exchange, to claim visit: https://playit.gg/mc/8891aa14c573562c
[04:26:53] [Thread-6/INFO]: [gg.playit.minecraft.PlayitKeysSetup] trying to exchange claim code for secret
[04:26:53] [Thread-6/INFO]: [gg.playit.minecraft.PlayitKeysSetup] failed to exchange, to claim visit: https://playit.gg/mc/8891aa14c573562c
[04:26:56] [Thread-6/INFO]: [gg.playit.minecraft.PlayitKeysSetup] trying to exchange claim code for secret
[04:26:57] [Thread-6/INFO]: [gg.playit.minecraft.PlayitKeysSetup] failed to exchange, to claim visit: https://playit.gg/mc/8891aa14c573562c
[04:27:00] [Thread-6/INFO]: [gg.playit.minecraft.PlayitKeysSetup] trying to exchange claim code for secret
[04:27:00] [Thread-6/INFO]: [gg.playit.minecraft.PlayitKeysSetup] failed to exchange, to claim visit: https://playit.gg/mc/8891aa14c573562c
[04:27:03] [Thread-6/INFO]: [gg.playit.minecraft.PlayitKeysSetup] trying to exchange claim code for secret
[04:27:03] [Thread-6/INFO]: [gg.playit.minecraft.PlayitKeysSetup] failed to exchange, to claim visit: https://playit.gg/mc/8891aa14c573562c
[04:27:06] [Thread-6/INFO]: [gg.playit.minecraft.PlayitKeysSetup] trying to exchange claim code for secret
[04:27:06] [Thread-6/INFO]: [gg.playit.minecraft.PlayitKeysSetup] failed to exchange, to claim visit: https://playit.gg/mc/8891aa14c573562c
[04:27:09] [Thread-6/INFO]: [gg.playit.minecraft.PlayitKeysSetup] trying to exchange claim code for secret
[04:27:09] [Thread-6/INFO]: [gg.playit.minecraft.PlayitKeysSetup] failed to exchange, to claim visit: https://playit.gg/mc/8891aa14c573562c
[04:27:12] [Thread-6/INFO]: [gg.playit.minecraft.PlayitKeysSetup] trying to exchange claim code for secret
[04:27:12] [Thread-6/INFO]: [gg.playit.minecraft.PlayitKeysSetup] failed to exchange, to claim visit: https://playit.gg/mc/8891aa14c573562c
[04:27:15] [Thread-6/INFO]: [gg.playit.minecraft.PlayitKeysSetup] trying to exchange claim code for secret
[04:27:15] [Thread-6/INFO]: [gg.playit.minecraft.PlayitKeysSetup] check secret
[04:27:16] [Thread-6/INFO]: [gg.playit.minecraft.PlayitKeysSetup] create new minecraft java tunnel
[04:27:28] [Thread-6/INFO]: [gg.playit.minecraft.PlayitKeysSetup] found minecraft java tunnel: publication-controversial.joinmc.link
[04:27:28] [Thread-6/INFO]: [gg.playit.minecraft.PlayitManager] keys and tunnel setup
[04:27:28] [Thread-6/INFO]: playit.gg: tunnel setup
[04:27:28] [Thread-6/INFO]: playit.gg: publication-controversial.joinmc.link
[04:27:28] [Thread-6/WARN]: [gg.playit.control.ChannelSetup] Got IO error working with :control.playit.gg/2602:fbaf:860:0:0:0:0:1, error : java.net.SocketException: Network is unreachable
[04:27:29] [Thread-6/INFO]: [gg.playit.control.ChannelSetup] request queued, waiting 1 second before resend
[04:28:55] [Thread-6/INFO]: [gg.playit.minecraft.PlayitManager] got new client: NewClient{connectAddr=147.185.221.26:52352, peerAddr=181.43.124.150:36490, claimAddress=209.25.140.2:43784, claimToken=[44, 0, 60, -109, -71, -35, 26, -52, -128, -75, 43, 124, -106, -114, -118, 42, -50, 72, -2, -85, 8, 103, -50, 106, -121, 0, 0, 0, 0, 0, 17, 15, -88, 0, 0, 0, 0, 0, 64, 118, 101, 32, -2, -85, 8, 0, 0, 0, 0, 34, 0, 0, 0, 0, 0, 0, 0, 3, 0, 1, -119, 43, 24, -119, 53, -68, 65, -55, -61, -108, 74, -100, -8, -110, 52, 36], tunnelServerId=3, dataCenterId=34}
[04:28:55] [Thread-6/INFO]: [gg.playit.minecraft.PlayitManager] starting tcp tunnel for client
[04:28:55] [Thread-6/INFO]: [gg.playit.minecraft.PlayitTcpTunnel] start connection to /209.25.140.2:43784 to claim client
[04:28:55] [nioEventLoopGroup-2-1/INFO]: [gg.playit.minecraft.PlayitTcpTunnel] connected to tunnel server, sending claim token
[04:28:55] [nioEventLoopGroup-2-1/INFO]: [gg.playit.minecraft.PlayitTcpTunnel] claim token sent
[04:28:55] [nioEventLoopGroup-2-1/INFO]: [gg.playit.minecraft.PlayitTcpTunnel] connection to tunnel server has been established
[04:28:55] [nioEventLoopGroup-2-1/INFO]: [gg.playit.minecraft.PlayitTcpTunnel] Reflect: ReflectionHelper{ServerConnection=class net.minecraft.server.network.ServerConnectionListener, LegacyPingHandler=class net.minecraft.server.network.LegacyQueryHandler, MinecraftServer=class net.minecraft.server.MinecraftServer, PacketSplitter=class net.minecraft.network.Varint21FrameDecoder, PacketDecoder=class net.minecraft.network.PacketDecoder, EnumProtocolDirection=class net.minecraft.network.protocol.PacketFlow, PacketPrepender=class net.minecraft.network.Varint21LengthFieldPrepender, PacketEncoder=class net.minecraft.network.PacketEncoder, NetworkManagerServer=class net.minecraft.network.RateKickingConnection, NetworkManager=class net.minecraft.network.Connection, HandshakeListener=class net.minecraft.server.network.ServerHandshakePacketListenerImpl, PacketListener=interface net.minecraft.network.PacketListener, CraftServer=class org.bukkit.craftbukkit.CraftServer}
[04:28:55] [nioEventLoopGroup-2-1/INFO]: [gg.playit.minecraft.PlayitTcpTunnel] legacyPingHandler is null
[04:28:55] [nioEventLoopGroup-2-1/INFO]: [gg.playit.minecraft.PlayitTcpTunnel] connecting to minecraft server at localhost/127.0.0.1:25565
[04:28:55] [nioEventLoopGroup-2-2/INFO]: [gg.playit.minecraft.PlayitTcpTunnel] connected to local minecraft server
[04:28:58] [Thread-6/INFO]: [gg.playit.minecraft.PlayitManager] got new client: NewClient{connectAddr=147.185.221.26:52352, peerAddr=181.43.124.150:36907, claimAddress=209.25.140.2:43784, claimToken=[44, 0, 60, -109, -71, -35, 26, -52, -128, -75, 43, 124, -106, -112, 43, -36, 94, 43, 50, -85, 8, 103, -50, 106, -118, 0, 0, 0, 0, 0, 17, 15, -88, 0, 0, 0, 0, 0, 64, 118, 101, -118, 50, -85, 8, 0, 0, 0, 0, 34, 0, 0, 0, 0, 0, 0, 0, 3, 0, 1, -47, -25, 1, 40, 35, 8, -97, 17, 43, -61, -42, 77, -23, 71, 14, -44], tunnelServerId=3, dataCenterId=34}
[04:28:58] [Thread-6/INFO]: [gg.playit.minecraft.PlayitManager] starting tcp tunnel for client
[04:28:58] [Thread-6/INFO]: [gg.playit.minecraft.PlayitTcpTunnel] start connection to /209.25.140.2:43784 to claim client
[04:28:58] [nioEventLoopGroup-2-3/INFO]: [gg.playit.minecraft.PlayitTcpTunnel] connected to tunnel server, sending claim token
[04:28:58] [nioEventLoopGroup-2-3/INFO]: [gg.playit.minecraft.PlayitTcpTunnel] claim token sent
[04:28:58] [nioEventLoopGroup-2-3/INFO]: [gg.playit.minecraft.PlayitTcpTunnel] connection to tunnel server has been established
[04:28:58] [nioEventLoopGroup-2-3/INFO]: [gg.playit.minecraft.PlayitTcpTunnel] Reflect: ReflectionHelper{ServerConnection=class net.minecraft.server.network.ServerConnectionListener, LegacyPingHandler=class net.minecraft.server.network.LegacyQueryHandler, MinecraftServer=class net.minecraft.server.MinecraftServer, PacketSplitter=class net.minecraft.network.Varint21FrameDecoder, PacketDecoder=class net.minecraft.network.PacketDecoder, EnumProtocolDirection=class net.minecraft.network.protocol.PacketFlow, PacketPrepender=class net.minecraft.network.Varint21LengthFieldPrepender, PacketEncoder=class net.minecraft.network.PacketEncoder, NetworkManagerServer=class net.minecraft.network.RateKickingConnection, NetworkManager=class net.minecraft.network.Connection, HandshakeListener=class net.minecraft.server.network.ServerHandshakePacketListenerImpl, PacketListener=interface net.minecraft.network.PacketListener, CraftServer=class org.bukkit.craftbukkit.CraftServer}
[04:28:58] [nioEventLoopGroup-2-3/INFO]: [gg.playit.minecraft.PlayitTcpTunnel] legacyPingHandler is null
[04:28:58] [nioEventLoopGroup-2-3/INFO]: [gg.playit.minecraft.PlayitTcpTunnel] connecting to minecraft server at localhost/127.0.0.1:25565
[04:28:58] [nioEventLoopGroup-2-4/INFO]: [gg.playit.minecraft.PlayitTcpTunnel] connected to local minecraft server
[04:28:59] [nioEventLoopGroup-2-4/WARN]: [io.netty.channel.DefaultChannelPipeline] An exceptionCaught() event was fired, and it reached at the tail of the pipeline. It usually means the last handler in the pipeline did not handle the exception.
java.net.SocketException: Connection reset
	at java.base/sun.nio.ch.SocketChannelImpl.throwConnectionReset(SocketChannelImpl.java:401) ~[?:?]
	at java.base/sun.nio.ch.SocketChannelImpl.read(SocketChannelImpl.java:434) ~[?:?]
	at io.netty.buffer.PooledByteBuf.setBytes(PooledByteBuf.java:254) ~[netty-buffer-4.1.97.Final.jar:4.1.97.Final]
	at io.netty.buffer.AbstractByteBuf.writeBytes(AbstractByteBuf.java:1132) ~[netty-buffer-4.1.97.Final.jar:4.1.97.Final]
	at io.netty.channel.socket.nio.NioSocketChannel.doReadBytes(NioSocketChannel.java:357) ~[netty-transport-4.1.97.Final.jar:4.1.97.Final]
	at io.netty.channel.nio.AbstractNioByteChannel$NioByteUnsafe.read(AbstractNioByteChannel.java:151) ~[netty-transport-4.1.97.Final.jar:4.1.97.Final]
	at io.netty.channel.nio.NioEventLoop.processSelectedKey(NioEventLoop.java:788) ~[netty-transport-4.1.97.Final.jar:4.1.97.Final]
	at io.netty.channel.nio.NioEventLoop.processSelectedKeysOptimized(NioEventLoop.java:724) ~[netty-transport-4.1.97.Final.jar:4.1.97.Final]
	at io.netty.channel.nio.NioEventLoop.processSelectedKeys(NioEventLoop.java:650) ~[netty-transport-4.1.97.Final.jar:4.1.97.Final]
	at io.netty.channel.nio.NioEventLoop.run(NioEventLoop.java:562) ~[netty-transport-4.1.97.Final.jar:4.1.97.Final]
	at io.netty.util.concurrent.SingleThreadEventExecutor$4.run(SingleThreadEventExecutor.java:997) ~[netty-common-4.1.97.Final.jar:4.1.97.Final]
	at io.netty.util.internal.ThreadExecutorMap$2.run(ThreadExecutorMap.java:74) ~[netty-common-4.1.97.Final.jar:4.1.97.Final]
	at io.netty.util.concurrent.FastThreadLocalRunnable.run(FastThreadLocalRunnable.java:30) ~[netty-common-4.1.97.Final.jar:4.1.97.Final]
	at java.base/java.lang.Thread.run(Thread.java:1583) ~[?:?]
[04:30:06] [Server thread/INFO]: Stopping the server
[04:30:06] [Server thread/INFO]: Stopping server
[04:30:06] [Server thread/INFO]: [playit-gg] Disabling playit-gg v0.1.4
[04:30:06] [Server thread/INFO]: Saving players
[04:30:06] [Server thread/INFO]: Saving worlds
[04:30:06] [Server thread/INFO]: Saving chunks for level 'ServerLevel[world]'/minecraft:overworld
[04:30:06] [Server thread/INFO]: [ChunkHolderManager] Waiting 60s for chunk system to halt for world 'world'
[04:30:06] [Server thread/INFO]: [ChunkHolderManager] Halted chunk system for world 'world'
[04:30:06] [Server thread/INFO]: [ChunkHolderManager] Saving all chunkholders for world 'world'
[04:30:07] [Server thread/INFO]: [ChunkHolderManager] Saved 49 block chunks, 49 entity chunks, 0 poi chunks in world 'world' in 0.23s
[04:30:07] [Server thread/INFO]: Saving chunks for level 'ServerLevel[world_nether]'/minecraft:the_nether
[04:30:07] [Server thread/INFO]: [ChunkHolderManager] Waiting 60s for chunk system to halt for world 'world_nether'
[04:30:07] [Server thread/INFO]: [ChunkHolderManager] Halted chunk system for world 'world_nether'
[04:30:07] [Server thread/INFO]: [ChunkHolderManager] Saving all chunkholders for world 'world_nether'
[04:30:07] [Server thread/INFO]: [ChunkHolderManager] Saved 49 block chunks, 49 entity chunks, 0 poi chunks in world 'world_nether' in 0.07s
[04:30:07] [Server thread/INFO]: Saving chunks for level 'ServerLevel[world_the_end]'/minecraft:the_end
[04:30:07] [Server thread/INFO]: [ChunkHolderManager] Waiting 60s for chunk system to halt for world 'world_the_end'
[04:30:07] [Server thread/INFO]: [ChunkHolderManager] Halted chunk system for world 'world_the_end'
[04:30:07] [Server thread/INFO]: [ChunkHolderManager] Saving all chunkholders for world 'world_the_end'
[04:30:07] [Server thread/INFO]: [ChunkHolderManager] Saved 49 block chunks, 49 entity chunks, 0 poi chunks in world 'world_the_end' in 0.06s
[04:30:07] [Server thread/INFO]: ThreadedAnvilChunkStorage (world): All chunks are saved
[04:30:07] [Server thread/INFO]: ThreadedAnvilChunkStorage (DIM-1): All chunks are saved
[04:30:07] [Server thread/INFO]: ThreadedAnvilChunkStorage (DIM1): All chunks are saved
[04:30:07] [Server thread/INFO]: ThreadedAnvilChunkStorage: All dimensions are saved
